<?xml version="1.0" encoding="UTF-8"?>
<testng-results ignored="0" total="2" passed="2" failed="0" skipped="0">
  <reporter-output>
  </reporter-output>
  <suite started-at="2021-11-15T07:33:11Z" name="Default suite" finished-at="2021-11-15T07:33:27Z" duration-ms="16054">
    <groups>
    </groups>
    <test started-at="2021-11-15T07:33:11Z" name="Default test" finished-at="2021-11-15T07:33:27Z" duration-ms="16054">
      <class name="com.tests.LoginTest">
        <test-method is-config="true" signature="setup()[pri:0, instance:com.tests.LoginTest@cd1d761]" started-at="2021-11-15T13:03:11Z" name="setup" finished-at="2021-11-15T13:03:19Z" duration-ms="8059" status="PASS">
          <reporter-output>
          </reporter-output>
        </test-method> <!-- setup -->
        <test-method signature="freeCrmTitleTest()[pri:1, instance:com.tests.LoginTest@cd1d761]" started-at="2021-11-15T13:03:19Z" name="freeCrmTitleTest" finished-at="2021-11-15T13:03:19Z" duration-ms="14" status="PASS">
          <reporter-output>
          </reporter-output>
        </test-method> <!-- freeCrmTitleTest -->
        <test-method is-config="true" signature="tearDown()[pri:0, instance:com.tests.LoginTest@cd1d761]" started-at="2021-11-15T13:03:19Z" name="tearDown" finished-at="2021-11-15T13:03:19Z" duration-ms="153" status="PASS">
          <reporter-output>
          </reporter-output>
        </test-method> <!-- tearDown -->
        <test-method is-config="true" signature="setup()[pri:0, instance:com.tests.LoginTest@cd1d761]" started-at="2021-11-15T13:03:19Z" name="setup" finished-at="2021-11-15T13:03:26Z" duration-ms="7553" status="PASS">
          <reporter-output>
          </reporter-output>
        </test-method> <!-- setup -->
        <test-method signature="freemCRMLogoTest()[pri:2, instance:com.tests.LoginTest@cd1d761]" started-at="2021-11-15T13:03:26Z" name="freemCRMLogoTest" finished-at="2021-11-15T13:03:26Z" duration-ms="55" status="PASS">
          <reporter-output>
          </reporter-output>
        </test-method> <!-- freemCRMLogoTest -->
        <test-method is-config="true" signature="tearDown()[pri:0, instance:com.tests.LoginTest@cd1d761]" started-at="2021-11-15T13:03:26Z" name="tearDown" finished-at="2021-11-15T13:03:27Z" duration-ms="202" status="PASS">
          <reporter-output>
          </reporter-output>
        </test-method> <!-- tearDown -->
      </class> <!-- com.tests.LoginTest -->
    </test> <!-- Default test -->
  </suite> <!-- Default suite -->
</testng-results>
